2023-07-07T09:24:18.828339 401 : [no body]
2023-07-07T10:47:16.991699 401 : [{"timestamp":"2023-07-07T15:47:16.963+00:00","status":401,"error":"Unauthorized","message":"User jkl was not found.","path":"/users/jkl"}]
2023-07-07T10:49:39.735552 500 : [{"timestamp":"2023-07-07T15:49:39.732+00:00","status":500,"error":"Internal Server Error","message":"Data integrity violation","path":"/transfer"}]
2023-07-07T10:49:53.333489 500 : [{"timestamp":"2023-07-07T15:49:53.331+00:00","status":500,"error":"Internal Server Error","message":"Data integrity violation","path":"/transfer"}]
2023-07-07T11:21:36.548341 401 : [no body]
2023-07-07T11:21:41.730834 401 : [no body]
2023-07-07T11:34:39.933683 401 : [no body]
2023-07-07T11:57:00.132403 401 : [no body]
2023-07-07T12:47:36.876315 404 : [{"timestamp":"2023-07-07T17:47:36.857+00:00","status":404,"error":"Not Found","message":"Auction Not Found","path":"/transfer/solo/23"}]
2023-07-07T13:25:41.420768 404 : [{"timestamp":"2023-07-07T18:25:41.404+00:00","status":404,"error":"Not Found","message":"Auction Not Found","path":"/transfer/solo/3050"}]
2023-07-07T13:55:20.764079 401 : [{"timestamp":"2023-07-07T18:55:20.745+00:00","status":401,"error":"Unauthorized","message":"User ert was not found.","path":"/users/ert"}]
2023-07-07T14:06:06.24978 404 : [{"timestamp":"2023-07-07T19:06:06.230+00:00","status":404,"error":"Not Found","message":"Auction Not Found","path":"/transfer/solo/3955"}]
2023-07-07T14:59:15.299222 401 : [no body]
2023-07-07T15:02:00.103347 404 : [{"transferId":3057,"transferTypeId":1,"transferStatusId":2,"accountFrom":2005,"accountTo":2003,"amount":100.00}]
2023-07-07T15:08:44.127558 404 : [{"transferId":3060,"transferTypeId":1,"transferStatusId":2,"accountFrom":2005,"accountTo":2003,"amount":11.00}]
2023-07-07T15:10:18.793872 404 : [{"transferId":3053,"transferTypeId":1,"transferStatusId":3,"accountFrom":2003,"accountTo":2002,"amount":89.00}]
2023-07-07T15:11:14.64536 404 : [{"transferId":3054,"transferTypeId":1,"transferStatusId":2,"accountFrom":2003,"accountTo":2002,"amount":79.00}]
2023-07-07T15:15:27.548536 404 : [{"transferId":3061,"transferTypeId":1,"transferStatusId":3,"accountFrom":2002,"accountTo":2003,"amount":67.00}]
2023-07-07T15:25:11.30777 401 : [{"timestamp":"2023-07-07T20:25:11.290+00:00","status":401,"error":"Unauthorized","message":"User helloi was not found.","path":"/users/helloi"}]
2023-07-07T22:39:40.752417 I/O error on POST request for "http://localhost:8080/login": Connection refused; nested exception is java.net.ConnectException: Connection refused
2023-07-07T22:39:48.858597 I/O error on POST request for "http://localhost:8080/login": Connection refused; nested exception is java.net.ConnectException: Connection refused
2023-07-07T22:42:34.027601 401 : [{"timestamp":"2023-07-08T03:42:33.980+00:00","status":401,"error":"Unauthorized","message":"User big1 was not found.","path":"/users/big1"}]
