2023-07-06T10:14:21.671618 401 : [no body]
2023-07-06T10:14:45.373243 401 : [no body]
2023-07-06T10:34:02.900712 401 : [no body]
2023-07-06T10:43:34.215192 400 : [{"timestamp":"2023-07-06T15:43:34.200+00:00","status":400,"error":"Bad Request","message":"Failed to convert value of type 'java.lang.String' to required type 'int'; nested exception is java.lang.NumberFormatException: For input string: \"balance\"","path":"/account/balance"}]
2023-07-06T10:51:14.000785 400 : [{"timestamp":"2023-07-06T15:51:13.985+00:00","status":400,"error":"Bad Request","message":"Failed to convert value of type 'java.lang.String' to required type 'int'; nested exception is java.lang.NumberFormatException: For input string: \"balance\"","path":"/account/balance"}]
2023-07-06T10:55:19.430933 400 : [{"timestamp":"2023-07-06T15:55:19.413+00:00","status":400,"error":"Bad Request","message":"Failed to convert value of type 'java.lang.String' to required type 'int'; nested exception is java.lang.NumberFormatException: For input string: \"balance\"","path":"/account/balance"}]
2023-07-06T10:59:46.528839 404 : [{"timestamp":"2023-07-06T15:59:46.513+00:00","status":404,"error":"Not Found","message":"Account not found.","path":"/account/balance/"}]
2023-07-06T11:09:21.478936 404 : [{"timestamp":"2023-07-06T16:09:16.109+00:00","status":404,"error":"Not Found","message":"Account not found.","path":"/account/balance/"}]
2023-07-06T11:14:37.462335 404 : [{"timestamp":"2023-07-06T16:14:37.447+00:00","status":404,"error":"Not Found","message":"Account not found.","path":"/account/balance/"}]
2023-07-06T11:20:58.194686 404 : [{"timestamp":"2023-07-06T16:20:58.181+00:00","status":404,"error":"Not Found","message":"Account not found.","path":"/account/balance/"}]
2023-07-06T11:27:28.683598 404 : [{"timestamp":"2023-07-06T16:27:28.670+00:00","status":404,"error":"Not Found","message":"Account not found.","path":"/account/balance/1003"}]
2023-07-06T11:28:51.656152 404 : [{"timestamp":"2023-07-06T16:28:51.347+00:00","status":404,"error":"Not Found","message":"Account not found.","path":"/account/balance/1003"}]
2023-07-06T11:31:34.155967 404 : [{"timestamp":"2023-07-06T16:31:33.733+00:00","status":404,"error":"Not Found","message":"Account not found.","path":"/account/balance/1003"}]
2023-07-06T11:53:26.022902 404 : [{"timestamp":"2023-07-06T16:53:26.008+00:00","status":404,"error":"Not Found","message":"Account not found.","path":"/account/balance"}]
2023-07-06T12:47:43.934332 404 : [{"timestamp":"2023-07-06T17:47:43.925+00:00","status":404,"error":"Not Found","message":"No message available","path":"/transfer/hayden/55"}]
2023-07-06T12:51:37.963028 404 : [{"timestamp":"2023-07-06T17:51:37.957+00:00","status":404,"error":"Not Found","message":"No message available","path":"/transfer/hayden/234"}]
2023-07-06T13:03:55.586503 500 : [{"timestamp":"2023-07-06T18:03:55.572+00:00","status":500,"error":"Internal Server Error","message":"Unable to process request","path":"/transfer/hayden/34"}]
2023-07-06T13:11:16.846806 500 : [{"timestamp":"2023-07-06T18:11:16.836+00:00","status":500,"error":"Internal Server Error","message":"Unable to process request","path":"/transfer/hayden/80"}]
2023-07-06T13:40:13.583925 500 : [{"timestamp":"2023-07-06T18:40:13.568+00:00","status":500,"error":"Internal Server Error","message":"Unable to process request","path":"/transfer/hayden/80"}]
2023-07-06T13:58:23.819857 500 : [{"timestamp":"2023-07-06T18:58:23.814+00:00","status":500,"error":"Internal Server Error","message":"Unable to process request","path":"/transfer/hayden/78"}]
2023-07-06T18:58:01.735664 500 : [{"timestamp":"2023-07-06T23:58:01.726+00:00","status":500,"error":"Internal Server Error","message":"Data integrity violation","path":"/transfer"}]
2023-07-06T18:59:30.71752 500 : [{"timestamp":"2023-07-06T23:59:30.703+00:00","status":500,"error":"Internal Server Error","message":"Data integrity violation","path":"/transfer"}]
2023-07-06T19:00:18.607735 500 : [{"timestamp":"2023-07-07T00:00:18.596+00:00","status":500,"error":"Internal Server Error","message":"Data integrity violation","path":"/transfer"}]
2023-07-06T19:01:08.022706 401 : [{"timestamp":"2023-07-07T00:01:08.006+00:00","status":401,"error":"Unauthorized","message":"User hy was not found.","path":"/users/hy"}]
2023-07-06T19:01:08.066507 500 : [{"timestamp":"2023-07-07T00:01:08.063+00:00","status":500,"error":"Internal Server Error","message":"Data integrity violation","path":"/transfer"}]
2023-07-06T19:01:22.26319 500 : [{"timestamp":"2023-07-07T00:01:22.262+00:00","status":500,"error":"Internal Server Error","message":"Data integrity violation","path":"/transfer"}]
2023-07-06T19:02:07.838595 500 : [{"timestamp":"2023-07-07T00:02:07.781+00:00","status":500,"error":"Internal Server Error","message":"Data integrity violation","path":"/transfer"}]
2023-07-06T20:18:10.680092 401 : [{"timestamp":"2023-07-07T01:18:10.660+00:00","status":401,"error":"Unauthorized","message":"User erthb was not found.","path":"/users/erthb"}]
2023-07-06T21:05:51.321147 I/O error on POST request for "http://localhost:8080/login": Connection refused; nested exception is java.net.ConnectException: Connection refused
2023-07-06T21:06:01.552324 I/O error on POST request for "http://localhost:8080/login": Connection refused; nested exception is java.net.ConnectException: Connection refused
2023-07-06T21:53:29.255482 404 : [{"timestamp":"2023-07-07T02:53:29.238+00:00","status":404,"error":"Not Found","message":"No message available","path":"/transfer/solo/3037"}]
2023-07-06T21:56:26.504042 404 : [{"timestamp":"2023-07-07T02:56:26.130+00:00","status":404,"error":"Not Found","message":"No message available","path":"/transfer/solo/3038"}]
2023-07-06T22:05:13.740754 404 : [{"timestamp":"2023-07-07T03:05:13.725+00:00","status":404,"error":"Not Found","message":"No message available","path":"/transfer/solo/3037"}]
2023-07-06T22:09:31.532891 404 : [{"timestamp":"2023-07-07T03:09:31.353+00:00","status":404,"error":"Not Found","message":"No message available","path":"/transfer/solo/3040"}]
2023-07-06T22:18:16.458167 404 : [{"timestamp":"2023-07-07T03:18:16.441+00:00","status":404,"error":"Not Found","message":"No message available","path":"/transfer/solo/3041"}]
2023-07-06T22:39:48.756384 401 : [no body]
2023-07-06T22:53:08.942927 401 : [{"timestamp":"2023-07-07T03:53:08.921+00:00","status":401,"error":"Unauthorized","message":"User yo was not found.","path":"/users/yo"}]
2023-07-06T23:43:16.271526 500 : [{"timestamp":"2023-07-07T04:43:16.263+00:00","status":500,"error":"Internal Server Error","message":"Data integrity violation","path":"/transfer"}]
2023-07-06T23:43:58.498699 500 : [{"timestamp":"2023-07-07T04:43:58.497+00:00","status":500,"error":"Internal Server Error","message":"Data integrity violation","path":"/transfer"}]
